<?xml version="1.0" encoding="UTF-8"?>
<!-- Generated by org.testng.reporters.JUnitXMLReporter -->
<testsuite hostname="DESKTOP-CN98629" ignored="0" name="Test" tests="1" failures="1" timestamp="2020-06-18T19:18:05 IST" time="9.631" errors="0">
  <testcase name="runScenario" time="8.944" classname="io.cucumber.testng.AbstractTestNGCucumberTests">
    <failure type="java.lang.AssertionError" message="expected [true] but found [false]">
      <![CDATA[java.lang.AssertionError: expected [true] but found [false]
at stepDefinitions.LoginTest.loadTheURL(LoginTest.java:37)
at âœ½.load the url(file:///C:/Users/Ramesh/eclipse-workspace/OpenCart/testFeature/loginTest.feature:5)
... Removed 4 stack frames]]>
    </failure>
  </testcase> <!-- runScenario -->
</testsuite> <!-- Test -->
